ERROR - 2022-03-07 07:05:08 --> Error connecting to the database: Nenhuma conexão pôde ser feita porque a máquina de destino as recusou ativamente
CRITICAL - 2022-03-07 07:05:08 --> Unable to connect to the database.
Main connection [MySQLi]: Nenhuma conexão pôde ser feita porque a máquina de destino as recusou ativamente
#0 C:\xampp\htdocs\codeigniter4\system\Database\BaseConnection.php(577): CodeIgniter\Database\BaseConnection->initialize()
#1 C:\xampp\htdocs\codeigniter4\system\Database\BaseBuilder.php(1455): CodeIgniter\Database\BaseConnection->query('SELECT *\nFROM `...', Array, false)
#2 C:\xampp\htdocs\codeigniter4\system\Model.php(183): CodeIgniter\Database\BaseBuilder->get()
#3 C:\xampp\htdocs\codeigniter4\system\BaseModel.php(584): CodeIgniter\Model->doFindAll(0, 0)
#4 C:\xampp\htdocs\codeigniter4\app\Models\NewsModel.php(14): CodeIgniter\BaseModel->findAll()
#5 C:\xampp\htdocs\codeigniter4\app\Controllers\News.php(14): App\Models\NewsModel->getNews()
#6 C:\xampp\htdocs\codeigniter4\system\CodeIgniter.php(825): App\Controllers\News->index()
#7 C:\xampp\htdocs\codeigniter4\system\CodeIgniter.php(412): CodeIgniter\CodeIgniter->runController(Object(App\Controllers\News))
#8 C:\xampp\htdocs\codeigniter4\system\CodeIgniter.php(320): CodeIgniter\CodeIgniter->handleRequest(NULL, Object(Config\Cache), false)
#9 C:\xampp\htdocs\codeigniter4\public\index.php(37): CodeIgniter\CodeIgniter->run()
#10 C:\xampp\htdocs\codeigniter4\system\Commands\Server\rewrite.php(43): require_once('C:\\xampp\\htdocs...')
#11 {main}
CRITICAL - 2022-03-07 07:05:35 --> Class "App\Controllers\MongoDB\Client" not found
#0 C:\xampp\htdocs\codeigniter4\app\Controllers\News.php(37): App\Controllers\News->_insertMongoData()
#1 C:\xampp\htdocs\codeigniter4\system\CodeIgniter.php(825): App\Controllers\News->view('como-treinar-o-...')
#2 C:\xampp\htdocs\codeigniter4\system\CodeIgniter.php(412): CodeIgniter\CodeIgniter->runController(Object(App\Controllers\News))
#3 C:\xampp\htdocs\codeigniter4\system\CodeIgniter.php(320): CodeIgniter\CodeIgniter->handleRequest(NULL, Object(Config\Cache), false)
#4 C:\xampp\htdocs\codeigniter4\public\index.php(37): CodeIgniter\CodeIgniter->run()
#5 C:\xampp\htdocs\codeigniter4\system\Commands\Server\rewrite.php(43): require_once('C:\\xampp\\htdocs...')
#6 {main}
CRITICAL - 2022-03-07 07:08:52 --> Class "App\Controllers\MongoDB\Client" not found
#0 C:\xampp\htdocs\codeigniter4\app\Controllers\News.php(37): App\Controllers\News->_insertMongoData()
#1 C:\xampp\htdocs\codeigniter4\system\CodeIgniter.php(825): App\Controllers\News->view('como-treinar-o-...')
#2 C:\xampp\htdocs\codeigniter4\system\CodeIgniter.php(412): CodeIgniter\CodeIgniter->runController(Object(App\Controllers\News))
#3 C:\xampp\htdocs\codeigniter4\system\CodeIgniter.php(320): CodeIgniter\CodeIgniter->handleRequest(NULL, Object(Config\Cache), false)
#4 C:\xampp\htdocs\codeigniter4\public\index.php(37): CodeIgniter\CodeIgniter->run()
#5 C:\xampp\htdocs\codeigniter4\system\Commands\Server\rewrite.php(43): require_once('C:\\xampp\\htdocs...')
#6 {main}
CRITICAL - 2022-03-07 07:08:57 --> Class "App\Controllers\MongoDB\Client" not found
#0 C:\xampp\htdocs\codeigniter4\app\Controllers\News.php(37): App\Controllers\News->_insertMongoData()
#1 C:\xampp\htdocs\codeigniter4\system\CodeIgniter.php(825): App\Controllers\News->view('como-treinar-o-...')
#2 C:\xampp\htdocs\codeigniter4\system\CodeIgniter.php(412): CodeIgniter\CodeIgniter->runController(Object(App\Controllers\News))
#3 C:\xampp\htdocs\codeigniter4\system\CodeIgniter.php(320): CodeIgniter\CodeIgniter->handleRequest(NULL, Object(Config\Cache), false)
#4 C:\xampp\htdocs\codeigniter4\public\index.php(37): CodeIgniter\CodeIgniter->run()
#5 C:\xampp\htdocs\codeigniter4\system\Commands\Server\rewrite.php(43): require_once('C:\\xampp\\htdocs...')
#6 {main}
CRITICAL - 2022-03-07 07:10:55 --> Class "App\Controllers\MongoDB\Driver\Manager" not found
#0 C:\xampp\htdocs\codeigniter4\app\Controllers\News.php(37): App\Controllers\News->_insertMongoData()
#1 C:\xampp\htdocs\codeigniter4\system\CodeIgniter.php(825): App\Controllers\News->view('como-treinar-o-...')
#2 C:\xampp\htdocs\codeigniter4\system\CodeIgniter.php(412): CodeIgniter\CodeIgniter->runController(Object(App\Controllers\News))
#3 C:\xampp\htdocs\codeigniter4\system\CodeIgniter.php(320): CodeIgniter\CodeIgniter->handleRequest(NULL, Object(Config\Cache), false)
#4 C:\xampp\htdocs\codeigniter4\public\index.php(37): CodeIgniter\CodeIgniter->run()
#5 C:\xampp\htdocs\codeigniter4\system\Commands\Server\rewrite.php(43): require_once('C:\\xampp\\htdocs...')
#6 {main}
CRITICAL - 2022-03-07 07:10:55 --> Class "App\Controllers\MongoDB\Driver\Manager" not found
#0 C:\xampp\htdocs\codeigniter4\app\Controllers\News.php(37): App\Controllers\News->_insertMongoData()
#1 C:\xampp\htdocs\codeigniter4\system\CodeIgniter.php(825): App\Controllers\News->view('como-treinar-o-...')
#2 C:\xampp\htdocs\codeigniter4\system\CodeIgniter.php(412): CodeIgniter\CodeIgniter->runController(Object(App\Controllers\News))
#3 C:\xampp\htdocs\codeigniter4\system\CodeIgniter.php(320): CodeIgniter\CodeIgniter->handleRequest(NULL, Object(Config\Cache), false)
#4 C:\xampp\htdocs\codeigniter4\public\index.php(37): CodeIgniter\CodeIgniter->run()
#5 C:\xampp\htdocs\codeigniter4\system\Commands\Server\rewrite.php(43): require_once('C:\\xampp\\htdocs...')
#6 {main}
CRITICAL - 2022-03-07 07:13:22 --> Class "App\Controllers\MongoDB\Client" not found
#0 C:\xampp\htdocs\codeigniter4\app\Controllers\News.php(37): App\Controllers\News->_insertMongoData()
#1 C:\xampp\htdocs\codeigniter4\system\CodeIgniter.php(825): App\Controllers\News->view('como-treinar-o-...')
#2 C:\xampp\htdocs\codeigniter4\system\CodeIgniter.php(412): CodeIgniter\CodeIgniter->runController(Object(App\Controllers\News))
#3 C:\xampp\htdocs\codeigniter4\system\CodeIgniter.php(320): CodeIgniter\CodeIgniter->handleRequest(NULL, Object(Config\Cache), false)
#4 C:\xampp\htdocs\codeigniter4\public\index.php(37): CodeIgniter\CodeIgniter->run()
#5 C:\xampp\htdocs\codeigniter4\system\Commands\Server\rewrite.php(43): require_once('C:\\xampp\\htdocs...')
#6 {main}
CRITICAL - 2022-03-07 07:18:00 --> Class "App\Controllers\MongoDB\Client" not found
#0 C:\xampp\htdocs\codeigniter4\app\Controllers\News.php(37): App\Controllers\News->_insertMongoData()
#1 C:\xampp\htdocs\codeigniter4\system\CodeIgniter.php(825): App\Controllers\News->view('como-treinar-o-...')
#2 C:\xampp\htdocs\codeigniter4\system\CodeIgniter.php(412): CodeIgniter\CodeIgniter->runController(Object(App\Controllers\News))
#3 C:\xampp\htdocs\codeigniter4\system\CodeIgniter.php(320): CodeIgniter\CodeIgniter->handleRequest(NULL, Object(Config\Cache), false)
#4 C:\xampp\htdocs\codeigniter4\public\index.php(37): CodeIgniter\CodeIgniter->run()
#5 C:\xampp\htdocs\codeigniter4\system\Commands\Server\rewrite.php(43): require_once('C:\\xampp\\htdocs...')
#6 {main}
CRITICAL - 2022-03-07 07:18:07 --> Class "App\Controllers\MongoDB\Client" not found
#0 C:\xampp\htdocs\codeigniter4\app\Controllers\News.php(37): App\Controllers\News->_insertMongoData()
#1 C:\xampp\htdocs\codeigniter4\system\CodeIgniter.php(825): App\Controllers\News->view('como-treinar-o-...')
#2 C:\xampp\htdocs\codeigniter4\system\CodeIgniter.php(412): CodeIgniter\CodeIgniter->runController(Object(App\Controllers\News))
#3 C:\xampp\htdocs\codeigniter4\system\CodeIgniter.php(320): CodeIgniter\CodeIgniter->handleRequest(NULL, Object(Config\Cache), false)
#4 C:\xampp\htdocs\codeigniter4\public\index.php(37): CodeIgniter\CodeIgniter->run()
#5 C:\xampp\htdocs\codeigniter4\system\Commands\Server\rewrite.php(43): require_once('C:\\xampp\\htdocs...')
#6 {main}
CRITICAL - 2022-03-07 07:30:33 --> Class "MongoDB\Driver\Manager" not found
#0 C:\xampp\htdocs\codeigniter4\app\Controllers\News.php(46): MongoDB\Client->__construct('mongodb://local...')
#1 C:\xampp\htdocs\codeigniter4\app\Controllers\News.php(38): App\Controllers\News->_insertMongoData()
#2 C:\xampp\htdocs\codeigniter4\system\CodeIgniter.php(825): App\Controllers\News->view('como-treinar-o-...')
#3 C:\xampp\htdocs\codeigniter4\system\CodeIgniter.php(412): CodeIgniter\CodeIgniter->runController(Object(App\Controllers\News))
#4 C:\xampp\htdocs\codeigniter4\system\CodeIgniter.php(320): CodeIgniter\CodeIgniter->handleRequest(NULL, Object(Config\Cache), false)
#5 C:\xampp\htdocs\codeigniter4\public\index.php(37): CodeIgniter\CodeIgniter->run()
#6 C:\xampp\htdocs\codeigniter4\system\Commands\Server\rewrite.php(43): require_once('C:\\xampp\\htdocs...')
#7 {main}
CRITICAL - 2022-03-07 07:32:07 --> Class "MongoDB\Driver\Manager" not found
#0 C:\xampp\htdocs\codeigniter4\app\Controllers\News.php(47): MongoDB\Client->__construct('mongodb://local...')
#1 C:\xampp\htdocs\codeigniter4\app\Controllers\News.php(39): App\Controllers\News->_insertMongoData()
#2 C:\xampp\htdocs\codeigniter4\system\CodeIgniter.php(825): App\Controllers\News->view('como-treinar-o-...')
#3 C:\xampp\htdocs\codeigniter4\system\CodeIgniter.php(412): CodeIgniter\CodeIgniter->runController(Object(App\Controllers\News))
#4 C:\xampp\htdocs\codeigniter4\system\CodeIgniter.php(320): CodeIgniter\CodeIgniter->handleRequest(NULL, Object(Config\Cache), false)
#5 C:\xampp\htdocs\codeigniter4\public\index.php(37): CodeIgniter\CodeIgniter->run()
#6 C:\xampp\htdocs\codeigniter4\system\Commands\Server\rewrite.php(43): require_once('C:\\xampp\\htdocs...')
#7 {main}
CRITICAL - 2022-03-07 07:35:44 --> Class "MongoDB\Driver\Manager" not found
#0 C:\xampp\htdocs\codeigniter4\app\Controllers\News.php(47): MongoDB\Client->__construct('mongodb://local...')
#1 C:\xampp\htdocs\codeigniter4\app\Controllers\News.php(39): App\Controllers\News->_insertMongoData()
#2 C:\xampp\htdocs\codeigniter4\system\CodeIgniter.php(825): App\Controllers\News->view('como-treinar-o-...')
#3 C:\xampp\htdocs\codeigniter4\system\CodeIgniter.php(412): CodeIgniter\CodeIgniter->runController(Object(App\Controllers\News))
#4 C:\xampp\htdocs\codeigniter4\system\CodeIgniter.php(320): CodeIgniter\CodeIgniter->handleRequest(NULL, Object(Config\Cache), false)
#5 C:\xampp\htdocs\codeigniter4\public\index.php(37): CodeIgniter\CodeIgniter->run()
#6 C:\xampp\htdocs\codeigniter4\system\Commands\Server\rewrite.php(43): require_once('C:\\xampp\\htdocs...')
#7 {main}
CRITICAL - 2022-03-07 07:40:07 --> Class "MongoDB\Driver\Manager" not found
#0 C:\xampp\htdocs\codeigniter4\app\Controllers\News.php(47): MongoDB\Client->__construct('mongodb://local...')
#1 C:\xampp\htdocs\codeigniter4\app\Controllers\News.php(39): App\Controllers\News->_insertMongoData()
#2 C:\xampp\htdocs\codeigniter4\system\CodeIgniter.php(825): App\Controllers\News->view('como-treinar-o-...')
#3 C:\xampp\htdocs\codeigniter4\system\CodeIgniter.php(412): CodeIgniter\CodeIgniter->runController(Object(App\Controllers\News))
#4 C:\xampp\htdocs\codeigniter4\system\CodeIgniter.php(320): CodeIgniter\CodeIgniter->handleRequest(NULL, Object(Config\Cache), false)
#5 C:\xampp\htdocs\codeigniter4\public\index.php(37): CodeIgniter\CodeIgniter->run()
#6 C:\xampp\htdocs\codeigniter4\system\Commands\Server\rewrite.php(43): require_once('C:\\xampp\\htdocs...')
#7 {main}
CRITICAL - 2022-03-07 07:40:37 --> command insert requires authentication
#0 C:\xampp\htdocs\codeigniter4\vendor\mongodb\mongodb\src\Operation\InsertOne.php(136): MongoDB\Driver\Server->executeBulkWrite('demo.beers', Object(MongoDB\Driver\BulkWrite), Array)
#1 C:\xampp\htdocs\codeigniter4\vendor\mongodb\mongodb\src\Collection.php(934): MongoDB\Operation\InsertOne->execute(Object(MongoDB\Driver\Server))
#2 C:\xampp\htdocs\codeigniter4\app\Controllers\News.php(50): MongoDB\Collection->insertOne(Array)
#3 C:\xampp\htdocs\codeigniter4\app\Controllers\News.php(39): App\Controllers\News->_insertMongoData()
#4 C:\xampp\htdocs\codeigniter4\system\CodeIgniter.php(825): App\Controllers\News->view('como-treinar-o-...')
#5 C:\xampp\htdocs\codeigniter4\system\CodeIgniter.php(412): CodeIgniter\CodeIgniter->runController(Object(App\Controllers\News))
#6 C:\xampp\htdocs\codeigniter4\system\CodeIgniter.php(320): CodeIgniter\CodeIgniter->handleRequest(NULL, Object(Config\Cache), false)
#7 C:\xampp\htdocs\codeigniter4\public\index.php(37): CodeIgniter\CodeIgniter->run()
#8 C:\xampp\htdocs\codeigniter4\system\Commands\Server\rewrite.php(43): require_once('C:\\xampp\\htdocs...')
#9 {main}
CRITICAL - 2022-03-07 12:03:14 --> Call to undefined method MongoDB\Database::insertOne()
#0 C:\xampp\htdocs\codeigniter4\app\Controllers\News.php(39): App\Controllers\News->_insertMongoData()
#1 C:\xampp\htdocs\codeigniter4\system\CodeIgniter.php(825): App\Controllers\News->view('como-treinar-o-...')
#2 C:\xampp\htdocs\codeigniter4\system\CodeIgniter.php(412): CodeIgniter\CodeIgniter->runController(Object(App\Controllers\News))
#3 C:\xampp\htdocs\codeigniter4\system\CodeIgniter.php(320): CodeIgniter\CodeIgniter->handleRequest(NULL, Object(Config\Cache), false)
#4 C:\xampp\htdocs\codeigniter4\public\index.php(37): CodeIgniter\CodeIgniter->run()
#5 C:\xampp\htdocs\codeigniter4\system\Commands\Server\rewrite.php(43): require_once('C:\\xampp\\htdocs...')
#6 {main}
